<?xml version="1.0" encoding="UTF-8"?>
<!-- Generated by org.testng.reporters.JUnitReportReporter -->
<testsuite hostname="DESKTOP-UM2MPT8" failures="0" tests="2" name="TestScenarios.WelcomePageTest" time="5.734" errors="0" timestamp="2023-09-20T22:34:12 IST" skipped="0">
  <testcase classname="TestScenarios.WelcomePageTest" name="TestWelcomePageUI" time="2.658"/>
  <system-out/>
  <testcase classname="TestScenarios.WelcomePageTest" name="TestFunctionalityWelcomePage" time="3.076"/>
  <system-out/>
</testsuite> <!-- TestScenarios.WelcomePageTest -->
